2022-03-12 18:15:18.205 [http-nio-8080-exec-1] ERROR com.daoki.basic.aop.GlobalExceptionHandling - 位置:getHotTopics -> 错误信息:failed to find the topic: the topic dont exist
2022-03-12 19:16:12.017 [restartedMain] ERROR s.d.s.web.plugins.DocumentationPluginsBootstrapper - Unable to scan documentation context default
java.lang.NullPointerException: null
	at java.lang.String.startsWith(String.java:1405)
	at java.lang.String.startsWith(String.java:1434)
	at springfox.documentation.builders.RequestHandlerSelectors$4.apply(RequestHandlerSelectors.java:98)
	at springfox.documentation.builders.RequestHandlerSelectors$4.apply(RequestHandlerSelectors.java:95)
	at com.google.common.base.Present.transform(Present.java:75)
	at springfox.documentation.builders.RequestHandlerSelectors$5.apply(RequestHandlerSelectors.java:114)
	at springfox.documentation.builders.RequestHandlerSelectors$5.apply(RequestHandlerSelectors.java:111)
	at com.google.common.base.Predicates$AndPredicate.apply(Predicates.java:384)
	at com.google.common.base.Predicates$AndPredicate.apply(Predicates.java:384)
	at com.google.common.collect.Iterators$6.computeNext(Iterators.java:617)
	at com.google.common.collect.AbstractIterator.tryToComputeNext(AbstractIterator.java:145)
	at com.google.common.collect.AbstractIterator.hasNext(AbstractIterator.java:140)
	at springfox.documentation.spring.web.scanners.ApiListingReferenceScanner.scan(ApiListingReferenceScanner.java:48)
	at springfox.documentation.spring.web.scanners.ApiDocumentationScanner.scan(ApiDocumentationScanner.java:67)
	at springfox.documentation.spring.web.plugins.DocumentationPluginsBootstrapper.scanDocumentation(DocumentationPluginsBootstrapper.java:101)
	at springfox.documentation.spring.web.plugins.DocumentationPluginsBootstrapper.start(DocumentationPluginsBootstrapper.java:167)
	at org.springframework.context.support.DefaultLifecycleProcessor.doStart(DefaultLifecycleProcessor.java:182)
	at org.springframework.context.support.DefaultLifecycleProcessor.access$200(DefaultLifecycleProcessor.java:53)
	at org.springframework.context.support.DefaultLifecycleProcessor$LifecycleGroup.start(DefaultLifecycleProcessor.java:360)
	at org.springframework.context.support.DefaultLifecycleProcessor.startBeans(DefaultLifecycleProcessor.java:158)
	at org.springframework.context.support.DefaultLifecycleProcessor.onRefresh(DefaultLifecycleProcessor.java:122)
	at org.springframework.context.support.AbstractApplicationContext.finishRefresh(AbstractApplicationContext.java:894)
	at org.springframework.boot.web.servlet.context.ServletWebServerApplicationContext.finishRefresh(ServletWebServerApplicationContext.java:162)
	at org.springframework.context.support.AbstractApplicationContext.refresh(AbstractApplicationContext.java:553)
	at org.springframework.boot.web.servlet.context.ServletWebServerApplicationContext.refresh(ServletWebServerApplicationContext.java:141)
	at org.springframework.boot.SpringApplication.refresh(SpringApplication.java:747)
	at org.springframework.boot.SpringApplication.refreshContext(SpringApplication.java:397)
	at org.springframework.boot.SpringApplication.run(SpringApplication.java:315)
	at org.springframework.boot.SpringApplication.run(SpringApplication.java:1226)
	at org.springframework.boot.SpringApplication.run(SpringApplication.java:1215)
	at com.daoki.basic.MainApplication.main(MainApplication.java:19)
	at sun.reflect.NativeMethodAccessorImpl.invoke0(Native Method)
	at sun.reflect.NativeMethodAccessorImpl.invoke(NativeMethodAccessorImpl.java:62)
	at sun.reflect.DelegatingMethodAccessorImpl.invoke(DelegatingMethodAccessorImpl.java:43)
	at java.lang.reflect.Method.invoke(Method.java:498)
	at org.springframework.boot.devtools.restart.RestartLauncher.run(RestartLauncher.java:49)
