2022-02-24 00:14:46.633 [http-nio-8080-exec-2] ERROR com.daoki.basic.aop.GlobalExceptionHandling - 位置:addUser -> 错误信息:添加失败
2022-02-24 00:16:48.969 [http-nio-8080-exec-5] ERROR com.daoki.basic.aop.GlobalExceptionHandling - 错误信息:Request method 'GET' not supported
2022-02-24 00:17:28.801 [http-nio-8080-exec-6] ERROR com.daoki.basic.aop.GlobalExceptionHandling - 错误信息:Request method 'GET' not supported
2022-02-24 00:17:29.990 [http-nio-8080-exec-7] ERROR com.daoki.basic.aop.GlobalExceptionHandling - 错误信息:Request method 'GET' not supported
2022-02-24 00:17:30.565 [http-nio-8080-exec-8] ERROR com.daoki.basic.aop.GlobalExceptionHandling - 错误信息:Request method 'GET' not supported
2022-02-24 00:17:31.108 [http-nio-8080-exec-9] ERROR com.daoki.basic.aop.GlobalExceptionHandling - 错误信息:Request method 'GET' not supported
2022-02-24 00:17:31.582 [http-nio-8080-exec-10] ERROR com.daoki.basic.aop.GlobalExceptionHandling - 错误信息:Request method 'GET' not supported
2022-02-24 00:17:32.080 [http-nio-8080-exec-1] ERROR com.daoki.basic.aop.GlobalExceptionHandling - 错误信息:Request method 'GET' not supported
2022-02-24 00:17:32.642 [http-nio-8080-exec-2] ERROR com.daoki.basic.aop.GlobalExceptionHandling - 错误信息:Request method 'GET' not supported
2022-02-24 00:17:41.964 [http-nio-8080-exec-3] ERROR com.daoki.basic.aop.GlobalExceptionHandling - 错误信息:Request method 'GET' not supported
2022-02-24 00:17:43.449 [http-nio-8080-exec-4] ERROR com.daoki.basic.aop.GlobalExceptionHandling - 错误信息:Request method 'GET' not supported
2022-02-24 00:17:44.114 [http-nio-8080-exec-5] ERROR com.daoki.basic.aop.GlobalExceptionHandling - 错误信息:Request method 'GET' not supported
2022-02-24 00:17:44.682 [http-nio-8080-exec-6] ERROR com.daoki.basic.aop.GlobalExceptionHandling - 错误信息:Request method 'GET' not supported
2022-02-24 00:17:45.245 [http-nio-8080-exec-7] ERROR com.daoki.basic.aop.GlobalExceptionHandling - 错误信息:Request method 'GET' not supported
2022-02-24 00:17:45.785 [http-nio-8080-exec-8] ERROR com.daoki.basic.aop.GlobalExceptionHandling - 错误信息:Request method 'GET' not supported
2022-02-24 00:17:46.292 [http-nio-8080-exec-9] ERROR com.daoki.basic.aop.GlobalExceptionHandling - 错误信息:Request method 'GET' not supported
2022-02-24 00:17:46.894 [http-nio-8080-exec-10] ERROR com.daoki.basic.aop.GlobalExceptionHandling - 错误信息:Request method 'GET' not supported
2022-02-24 00:17:47.460 [http-nio-8080-exec-1] ERROR com.daoki.basic.aop.GlobalExceptionHandling - 错误信息:Request method 'GET' not supported
2022-02-24 00:17:47.963 [http-nio-8080-exec-2] ERROR com.daoki.basic.aop.GlobalExceptionHandling - 错误信息:Request method 'GET' not supported
2022-02-24 00:17:48.422 [http-nio-8080-exec-3] ERROR com.daoki.basic.aop.GlobalExceptionHandling - 错误信息:Request method 'GET' not supported
2022-02-24 00:17:48.870 [http-nio-8080-exec-4] ERROR com.daoki.basic.aop.GlobalExceptionHandling - 错误信息:Request method 'GET' not supported
2022-02-24 00:21:53.689 [http-nio-8080-exec-2] ERROR com.daoki.basic.aop.GlobalExceptionHandling - 错误信息:Request method 'GET' not supported
2022-02-24 00:21:54.636 [http-nio-8080-exec-3] ERROR com.daoki.basic.aop.GlobalExceptionHandling - 错误信息:Request method 'GET' not supported
2022-02-24 00:21:55.324 [http-nio-8080-exec-4] ERROR com.daoki.basic.aop.GlobalExceptionHandling - 错误信息:Request method 'GET' not supported
2022-02-24 00:21:55.765 [http-nio-8080-exec-5] ERROR com.daoki.basic.aop.GlobalExceptionHandling - 错误信息:Request method 'GET' not supported
2022-02-24 00:21:56.138 [http-nio-8080-exec-6] ERROR com.daoki.basic.aop.GlobalExceptionHandling - 错误信息:Request method 'GET' not supported
2022-02-24 00:21:56.586 [http-nio-8080-exec-7] ERROR com.daoki.basic.aop.GlobalExceptionHandling - 错误信息:Request method 'GET' not supported
2022-02-24 00:22:01.500 [http-nio-8080-exec-8] ERROR com.daoki.basic.aop.GlobalExceptionHandling - 位置:deleteUser -> 错误信息:该用户不存在
2022-02-24 00:22:01.507 [http-nio-8080-exec-8] ERROR o.a.c.c.C.[.[.[/daoki].[dispatcherServlet] - Servlet.service() for servlet [dispatcherServlet] in context with path [/daoki] threw exception [Request processing failed; nested exception is CustomException(code=-1, method=deleteUser)] with root cause
com.daoki.basic.exception.CustomException: 该用户不存在
	at com.daoki.basic.service.impl.UserServiceImpl.deleteUser(UserServiceImpl.java:56)
	at com.daoki.basic.controller.UserController.deleteUser(UserController.java:49)
	at sun.reflect.NativeMethodAccessorImpl.invoke0(Native Method)
	at sun.reflect.NativeMethodAccessorImpl.invoke(NativeMethodAccessorImpl.java:62)
	at sun.reflect.DelegatingMethodAccessorImpl.invoke(DelegatingMethodAccessorImpl.java:43)
	at java.lang.reflect.Method.invoke(Method.java:498)
	at org.springframework.web.method.support.InvocableHandlerMethod.doInvoke(InvocableHandlerMethod.java:190)
	at org.springframework.web.method.support.InvocableHandlerMethod.invokeForRequest(InvocableHandlerMethod.java:138)
	at org.springframework.web.servlet.mvc.method.annotation.ServletInvocableHandlerMethod.invokeAndHandle(ServletInvocableHandlerMethod.java:106)
	at org.springframework.web.servlet.mvc.method.annotation.RequestMappingHandlerAdapter.invokeHandlerMethod(RequestMappingHandlerAdapter.java:879)
	at org.springframework.web.servlet.mvc.method.annotation.RequestMappingHandlerAdapter.handleInternal(RequestMappingHandlerAdapter.java:793)
	at org.springframework.web.servlet.mvc.method.AbstractHandlerMethodAdapter.handle(AbstractHandlerMethodAdapter.java:87)
	at org.springframework.web.servlet.DispatcherServlet.doDispatch(DispatcherServlet.java:1040)
	at org.springframework.web.servlet.DispatcherServlet.doService(DispatcherServlet.java:943)
	at org.springframework.web.servlet.FrameworkServlet.processRequest(FrameworkServlet.java:1006)
	at org.springframework.web.servlet.FrameworkServlet.doPost(FrameworkServlet.java:909)
	at javax.servlet.http.HttpServlet.service(HttpServlet.java:660)
	at org.springframework.web.servlet.FrameworkServlet.service(FrameworkServlet.java:883)
	at javax.servlet.http.HttpServlet.service(HttpServlet.java:741)
	at org.apache.catalina.core.ApplicationFilterChain.internalDoFilter(ApplicationFilterChain.java:231)
	at org.apache.catalina.core.ApplicationFilterChain.doFilter(ApplicationFilterChain.java:166)
	at org.apache.tomcat.websocket.server.WsFilter.doFilter(WsFilter.java:53)
	at org.apache.catalina.core.ApplicationFilterChain.internalDoFilter(ApplicationFilterChain.java:193)
	at org.apache.catalina.core.ApplicationFilterChain.doFilter(ApplicationFilterChain.java:166)
	at org.springframework.web.filter.RequestContextFilter.doFilterInternal(RequestContextFilter.java:100)
	at org.springframework.web.filter.OncePerRequestFilter.doFilter(OncePerRequestFilter.java:119)
	at org.apache.catalina.core.ApplicationFilterChain.internalDoFilter(ApplicationFilterChain.java:193)
	at org.apache.catalina.core.ApplicationFilterChain.doFilter(ApplicationFilterChain.java:166)
	at org.springframework.web.filter.FormContentFilter.doFilterInternal(FormContentFilter.java:93)
	at org.springframework.web.filter.OncePerRequestFilter.doFilter(OncePerRequestFilter.java:119)
	at org.apache.catalina.core.ApplicationFilterChain.internalDoFilter(ApplicationFilterChain.java:193)
	at org.apache.catalina.core.ApplicationFilterChain.doFilter(ApplicationFilterChain.java:166)
	at org.springframework.web.filter.CharacterEncodingFilter.doFilterInternal(CharacterEncodingFilter.java:201)
	at org.springframework.web.filter.OncePerRequestFilter.doFilter(OncePerRequestFilter.java:119)
	at org.apache.catalina.core.ApplicationFilterChain.internalDoFilter(ApplicationFilterChain.java:193)
	at org.apache.catalina.core.ApplicationFilterChain.doFilter(ApplicationFilterChain.java:166)
	at org.apache.catalina.core.StandardWrapperValve.invoke(StandardWrapperValve.java:202)
	at org.apache.catalina.core.StandardContextValve.invoke(StandardContextValve.java:96)
	at org.apache.catalina.authenticator.AuthenticatorBase.invoke(AuthenticatorBase.java:541)
	at org.apache.catalina.core.StandardHostValve.invoke(StandardHostValve.java:139)
	at org.apache.catalina.valves.ErrorReportValve.invoke(ErrorReportValve.java:92)
	at org.apache.catalina.core.StandardEngineValve.invoke(StandardEngineValve.java:74)
	at org.apache.catalina.connector.CoyoteAdapter.service(CoyoteAdapter.java:343)
	at org.apache.coyote.http11.Http11Processor.service(Http11Processor.java:367)
	at org.apache.coyote.AbstractProcessorLight.process(AbstractProcessorLight.java:65)
	at org.apache.coyote.AbstractProtocol$ConnectionHandler.process(AbstractProtocol.java:868)
	at org.apache.tomcat.util.net.NioEndpoint$SocketProcessor.doRun(NioEndpoint.java:1639)
	at org.apache.tomcat.util.net.SocketProcessorBase.run(SocketProcessorBase.java:49)
	at java.util.concurrent.ThreadPoolExecutor.runWorker(ThreadPoolExecutor.java:1149)
	at java.util.concurrent.ThreadPoolExecutor$Worker.run(ThreadPoolExecutor.java:624)
	at org.apache.tomcat.util.threads.TaskThread$WrappingRunnable.run(TaskThread.java:61)
	at java.lang.Thread.run(Thread.java:748)
2022-02-24 00:22:34.575 [http-nio-8080-exec-10] ERROR com.daoki.basic.aop.GlobalExceptionHandling - 位置:addUser -> 错误信息:添加失败
2022-02-24 00:22:35.471 [http-nio-8080-exec-1] ERROR com.daoki.basic.aop.GlobalExceptionHandling - 位置:addUser -> 错误信息:添加失败
2022-02-24 00:24:02.298 [http-nio-8080-exec-5] ERROR com.daoki.basic.aop.GlobalExceptionHandling - 位置:deleteUser -> 错误信息:该用户不存在
2022-02-24 00:24:02.299 [http-nio-8080-exec-5] ERROR o.a.c.c.C.[.[.[/daoki].[dispatcherServlet] - Servlet.service() for servlet [dispatcherServlet] in context with path [/daoki] threw exception [Request processing failed; nested exception is CustomException(code=-1, method=deleteUser)] with root cause
com.daoki.basic.exception.CustomException: 该用户不存在
	at com.daoki.basic.service.impl.UserServiceImpl.deleteUser(UserServiceImpl.java:56)
	at com.daoki.basic.controller.UserController.deleteUser(UserController.java:49)
	at sun.reflect.NativeMethodAccessorImpl.invoke0(Native Method)
	at sun.reflect.NativeMethodAccessorImpl.invoke(NativeMethodAccessorImpl.java:62)
	at sun.reflect.DelegatingMethodAccessorImpl.invoke(DelegatingMethodAccessorImpl.java:43)
	at java.lang.reflect.Method.invoke(Method.java:498)
	at org.springframework.web.method.support.InvocableHandlerMethod.doInvoke(InvocableHandlerMethod.java:190)
	at org.springframework.web.method.support.InvocableHandlerMethod.invokeForRequest(InvocableHandlerMethod.java:138)
	at org.springframework.web.servlet.mvc.method.annotation.ServletInvocableHandlerMethod.invokeAndHandle(ServletInvocableHandlerMethod.java:106)
	at org.springframework.web.servlet.mvc.method.annotation.RequestMappingHandlerAdapter.invokeHandlerMethod(RequestMappingHandlerAdapter.java:879)
	at org.springframework.web.servlet.mvc.method.annotation.RequestMappingHandlerAdapter.handleInternal(RequestMappingHandlerAdapter.java:793)
	at org.springframework.web.servlet.mvc.method.AbstractHandlerMethodAdapter.handle(AbstractHandlerMethodAdapter.java:87)
	at org.springframework.web.servlet.DispatcherServlet.doDispatch(DispatcherServlet.java:1040)
	at org.springframework.web.servlet.DispatcherServlet.doService(DispatcherServlet.java:943)
	at org.springframework.web.servlet.FrameworkServlet.processRequest(FrameworkServlet.java:1006)
	at org.springframework.web.servlet.FrameworkServlet.doPost(FrameworkServlet.java:909)
	at javax.servlet.http.HttpServlet.service(HttpServlet.java:660)
	at org.springframework.web.servlet.FrameworkServlet.service(FrameworkServlet.java:883)
	at javax.servlet.http.HttpServlet.service(HttpServlet.java:741)
	at org.apache.catalina.core.ApplicationFilterChain.internalDoFilter(ApplicationFilterChain.java:231)
	at org.apache.catalina.core.ApplicationFilterChain.doFilter(ApplicationFilterChain.java:166)
	at org.apache.tomcat.websocket.server.WsFilter.doFilter(WsFilter.java:53)
	at org.apache.catalina.core.ApplicationFilterChain.internalDoFilter(ApplicationFilterChain.java:193)
	at org.apache.catalina.core.ApplicationFilterChain.doFilter(ApplicationFilterChain.java:166)
	at org.springframework.web.filter.RequestContextFilter.doFilterInternal(RequestContextFilter.java:100)
	at org.springframework.web.filter.OncePerRequestFilter.doFilter(OncePerRequestFilter.java:119)
	at org.apache.catalina.core.ApplicationFilterChain.internalDoFilter(ApplicationFilterChain.java:193)
	at org.apache.catalina.core.ApplicationFilterChain.doFilter(ApplicationFilterChain.java:166)
	at org.springframework.web.filter.FormContentFilter.doFilterInternal(FormContentFilter.java:93)
	at org.springframework.web.filter.OncePerRequestFilter.doFilter(OncePerRequestFilter.java:119)
	at org.apache.catalina.core.ApplicationFilterChain.internalDoFilter(ApplicationFilterChain.java:193)
	at org.apache.catalina.core.ApplicationFilterChain.doFilter(ApplicationFilterChain.java:166)
	at org.springframework.web.filter.CharacterEncodingFilter.doFilterInternal(CharacterEncodingFilter.java:201)
	at org.springframework.web.filter.OncePerRequestFilter.doFilter(OncePerRequestFilter.java:119)
	at org.apache.catalina.core.ApplicationFilterChain.internalDoFilter(ApplicationFilterChain.java:193)
	at org.apache.catalina.core.ApplicationFilterChain.doFilter(ApplicationFilterChain.java:166)
	at org.apache.catalina.core.StandardWrapperValve.invoke(StandardWrapperValve.java:202)
	at org.apache.catalina.core.StandardContextValve.invoke(StandardContextValve.java:96)
	at org.apache.catalina.authenticator.AuthenticatorBase.invoke(AuthenticatorBase.java:541)
	at org.apache.catalina.core.StandardHostValve.invoke(StandardHostValve.java:139)
	at org.apache.catalina.valves.ErrorReportValve.invoke(ErrorReportValve.java:92)
	at org.apache.catalina.core.StandardEngineValve.invoke(StandardEngineValve.java:74)
	at org.apache.catalina.connector.CoyoteAdapter.service(CoyoteAdapter.java:343)
	at org.apache.coyote.http11.Http11Processor.service(Http11Processor.java:367)
	at org.apache.coyote.AbstractProcessorLight.process(AbstractProcessorLight.java:65)
	at org.apache.coyote.AbstractProtocol$ConnectionHandler.process(AbstractProtocol.java:868)
	at org.apache.tomcat.util.net.NioEndpoint$SocketProcessor.doRun(NioEndpoint.java:1639)
	at org.apache.tomcat.util.net.SocketProcessorBase.run(SocketProcessorBase.java:49)
	at java.util.concurrent.ThreadPoolExecutor.runWorker(ThreadPoolExecutor.java:1149)
	at java.util.concurrent.ThreadPoolExecutor$Worker.run(ThreadPoolExecutor.java:624)
	at org.apache.tomcat.util.threads.TaskThread$WrappingRunnable.run(TaskThread.java:61)
	at java.lang.Thread.run(Thread.java:748)
2022-02-24 00:27:30.992 [http-nio-8080-exec-1] ERROR com.daoki.basic.aop.GlobalExceptionHandling - 位置:deleteUser -> 错误信息:删除失败
2022-02-24 00:31:20.226 [http-nio-8080-exec-2] ERROR com.daoki.basic.aop.GlobalExceptionHandling - 位置:deleteUser -> 错误信息:删除失败
2022-02-24 00:32:04.122 [http-nio-8080-exec-3] ERROR com.daoki.basic.aop.GlobalExceptionHandling - 位置:deleteUser -> 错误信息:删除失败
2022-02-24 00:33:40.405 [http-nio-8080-exec-1] ERROR com.daoki.basic.aop.GlobalExceptionHandling - 位置:deleteUser -> 错误信息:删除失败
2022-02-24 00:34:28.928 [http-nio-8080-exec-2] ERROR com.daoki.basic.aop.GlobalExceptionHandling - 错误信息:Required request body is missing: public com.daoki.basic.VO.response.ResultVO com.daoki.basic.controller.UserController.deleteUser(java.lang.String)
2022-02-24 00:36:54.816 [http-nio-8080-exec-2] ERROR com.daoki.basic.aop.GlobalExceptionHandling - 错误信息:Required request body is missing: public com.daoki.basic.VO.response.ResultVO com.daoki.basic.controller.UserController.deleteUser(java.lang.String)
2022-02-24 00:38:04.761 [http-nio-8080-exec-2] ERROR com.daoki.basic.aop.GlobalExceptionHandling - 错误信息:Required request body is missing: public com.daoki.basic.VO.response.ResultVO com.daoki.basic.controller.UserController.deleteUser(java.lang.String)
2022-02-24 00:39:28.516 [http-nio-8080-exec-2] ERROR com.daoki.basic.aop.GlobalExceptionHandling - 错误信息:Required request body is missing: public com.daoki.basic.VO.response.ResultVO com.daoki.basic.controller.UserController.deleteUser(java.lang.String)
2022-02-24 00:41:21.143 [http-nio-8080-exec-5] ERROR com.daoki.basic.aop.GlobalExceptionHandling - 错误信息:Required request body is missing: public com.daoki.basic.VO.response.ResultVO com.daoki.basic.controller.UserController.deleteUser(java.lang.String)
2022-02-24 00:43:07.152 [http-nio-8080-exec-3] ERROR com.daoki.basic.aop.GlobalExceptionHandling - 位置:deleteUser -> 错误信息:删除失败
2022-02-24 13:02:40.427 [http-nio-8080-exec-6] ERROR com.daoki.basic.aop.GlobalExceptionHandling - 错误信息:Request method 'GET' not supported
2022-02-24 13:14:33.171 [restartedMain] ERROR o.s.b.diagnostics.LoggingFailureAnalysisReporter - 

***************************
APPLICATION FAILED TO START
***************************

Description:

Web server failed to start. Port 8080 was already in use.

Action:

Identify and stop the process that's listening on port 8080 or configure this application to listen on another port.

2022-02-24 13:14:37.056 [http-nio-8080-exec-1] ERROR com.daoki.basic.aop.GlobalExceptionHandling - 位置:addUser -> 错误信息:添加失败
2022-02-24 13:33:29.608 [http-nio-8080-exec-2] ERROR com.daoki.basic.aop.GlobalExceptionHandling - 位置:updataUser -> 错误信息:更新失败
2022-02-24 13:33:36.673 [http-nio-8080-exec-3] ERROR com.daoki.basic.aop.GlobalExceptionHandling - 位置:updataUser -> 错误信息:更新失败
2022-02-24 13:33:51.625 [http-nio-8080-exec-4] ERROR com.daoki.basic.aop.GlobalExceptionHandling - 位置:updataUser -> 错误信息:更新失败
2022-02-24 13:33:52.458 [http-nio-8080-exec-5] ERROR com.daoki.basic.aop.GlobalExceptionHandling - 位置:updataUser -> 错误信息:更新失败
2022-02-24 13:33:52.934 [http-nio-8080-exec-6] ERROR com.daoki.basic.aop.GlobalExceptionHandling - 位置:updataUser -> 错误信息:更新失败
2022-02-24 14:39:10.111 [http-nio-8080-exec-4] ERROR com.daoki.basic.aop.GlobalExceptionHandling - 位置:the user with the inputted username is not found in the database -> 错误信息:删除失败
2022-02-24 14:43:53.035 [http-nio-8080-exec-2] ERROR com.daoki.basic.aop.GlobalExceptionHandling - 位置:deleteUser -> 错误信息:the user with the inputted username is not found in the database
2022-02-24 14:43:55.065 [http-nio-8080-exec-3] ERROR com.daoki.basic.aop.GlobalExceptionHandling - 位置:deleteUser -> 错误信息:the user with the inputted username is not found in the database
2022-02-24 14:43:55.997 [http-nio-8080-exec-4] ERROR com.daoki.basic.aop.GlobalExceptionHandling - 位置:deleteUser -> 错误信息:the user with the inputted username is not found in the database
2022-02-24 14:43:56.657 [http-nio-8080-exec-5] ERROR com.daoki.basic.aop.GlobalExceptionHandling - 位置:deleteUser -> 错误信息:the user with the inputted username is not found in the database
2022-02-24 14:43:57.168 [http-nio-8080-exec-6] ERROR com.daoki.basic.aop.GlobalExceptionHandling - 位置:deleteUser -> 错误信息:the user with the inputted username is not found in the database
2022-02-24 14:43:57.641 [http-nio-8080-exec-7] ERROR com.daoki.basic.aop.GlobalExceptionHandling - 位置:deleteUser -> 错误信息:the user with the inputted username is not found in the database
2022-02-24 14:43:57.952 [http-nio-8080-exec-8] ERROR com.daoki.basic.aop.GlobalExceptionHandling - 位置:deleteUser -> 错误信息:the user with the inputted username is not found in the database
2022-02-24 14:45:47.238 [http-nio-8080-exec-2] ERROR com.daoki.basic.aop.GlobalExceptionHandling - 位置:deleteUser -> 错误信息:the user with the inputted username is not found in the database
2022-02-24 14:45:48.213 [http-nio-8080-exec-3] ERROR com.daoki.basic.aop.GlobalExceptionHandling - 位置:deleteUser -> 错误信息:the user with the inputted username is not found in the database
2022-02-24 14:45:48.914 [http-nio-8080-exec-4] ERROR com.daoki.basic.aop.GlobalExceptionHandling - 位置:deleteUser -> 错误信息:the user with the inputted username is not found in the database
2022-02-24 15:11:45.787 [http-nio-8080-exec-1] ERROR com.daoki.basic.aop.GlobalExceptionHandling - 位置:deleteUser -> 错误信息:the user with the inputted username is not found in the database
2022-02-24 15:12:05.991 [http-nio-8080-exec-4] ERROR com.daoki.basic.aop.GlobalExceptionHandling - 位置:addUser -> 错误信息:the user with the inputted username already exists in the database
2022-02-24 15:12:12.200 [http-nio-8080-exec-5] ERROR com.daoki.basic.aop.GlobalExceptionHandling - 位置:deleteUser -> 错误信息:the user with the inputted username is not found in the database
2022-02-24 15:12:13.438 [http-nio-8080-exec-6] ERROR com.daoki.basic.aop.GlobalExceptionHandling - 位置:deleteUser -> 错误信息:the user with the inputted username is not found in the database
2022-02-24 15:12:14.207 [http-nio-8080-exec-7] ERROR com.daoki.basic.aop.GlobalExceptionHandling - 位置:deleteUser -> 错误信息:the user with the inputted username is not found in the database
2022-02-24 15:12:40.186 [http-nio-8080-exec-8] ERROR com.daoki.basic.aop.GlobalExceptionHandling - 位置:updateUser -> 错误信息:the user with the inputted username is not found in the database
