2022-03-09 12:46:01.599 [http-nio-8080-exec-2] ERROR com.daoki.basic.aop.GlobalExceptionHandling - 位置:updateTopic -> 错误信息:更新失败
2022-03-09 12:46:09.071 [http-nio-8080-exec-3] ERROR com.daoki.basic.aop.GlobalExceptionHandling - 位置:updateTopic -> 错误信息:更新失败
2022-03-09 12:58:01.573 [http-nio-8080-exec-7] ERROR com.daoki.basic.aop.GlobalExceptionHandling - 位置:getTopic -> 错误信息:查询失败：该Topic不存在
2022-03-09 13:09:28.176 [http-nio-8080-exec-2] ERROR com.daoki.basic.aop.GlobalExceptionHandling - 位置:getTopic -> 错误信息:查询失败：该Topic不存在
2022-03-09 13:38:20.940 [http-nio-8080-exec-2] ERROR com.daoki.basic.aop.GlobalExceptionHandling - 位置:updateTopic -> 错误信息:更新失败
2022-03-09 13:39:27.890 [http-nio-8080-exec-5] ERROR com.daoki.basic.aop.GlobalExceptionHandling - 位置:updateTopic -> 错误信息:更新失败
2022-03-09 13:50:01.680 [http-nio-8080-exec-4] ERROR com.daoki.basic.aop.GlobalExceptionHandling - 位置:getTopic -> 错误信息:查询失败：该Topic不存在
2022-03-09 13:50:20.478 [http-nio-8080-exec-7] ERROR com.daoki.basic.aop.GlobalExceptionHandling - 位置:getTopic -> 错误信息:查询失败：该Topic不存在
2022-03-09 14:40:24.621 [http-nio-8080-exec-1] ERROR com.daoki.basic.aop.GlobalExceptionHandling - 错误信息:Request method 'GET' not supported
2022-03-09 14:40:26.344 [http-nio-8080-exec-3] ERROR com.daoki.basic.aop.GlobalExceptionHandling - 错误信息:Request method 'GET' not supported
2022-03-09 14:40:33.501 [http-nio-8080-exec-4] ERROR com.daoki.basic.aop.GlobalExceptionHandling - 位置:getHotTopics -> 错误信息:查询失败：该Topic不存在
2022-03-09 14:40:34.828 [http-nio-8080-exec-5] ERROR com.daoki.basic.aop.GlobalExceptionHandling - 位置:getHotTopics -> 错误信息:查询失败：该Topic不存在
2022-03-09 14:40:35.670 [http-nio-8080-exec-6] ERROR com.daoki.basic.aop.GlobalExceptionHandling - 位置:getHotTopics -> 错误信息:查询失败：该Topic不存在
2022-03-09 14:40:36.270 [http-nio-8080-exec-7] ERROR com.daoki.basic.aop.GlobalExceptionHandling - 位置:getHotTopics -> 错误信息:查询失败：该Topic不存在
2022-03-09 14:40:36.769 [http-nio-8080-exec-8] ERROR com.daoki.basic.aop.GlobalExceptionHandling - 位置:getHotTopics -> 错误信息:查询失败：该Topic不存在
2022-03-09 14:40:37.294 [http-nio-8080-exec-9] ERROR com.daoki.basic.aop.GlobalExceptionHandling - 位置:getHotTopics -> 错误信息:查询失败：该Topic不存在
2022-03-09 14:40:37.819 [http-nio-8080-exec-10] ERROR com.daoki.basic.aop.GlobalExceptionHandling - 位置:getHotTopics -> 错误信息:查询失败：该Topic不存在
2022-03-09 14:44:28.519 [http-nio-8080-exec-2] ERROR com.daoki.basic.aop.GlobalExceptionHandling - 位置:getHotTopics -> 错误信息:查询失败：该Topic不存在
2022-03-09 14:45:08.048 [http-nio-8080-exec-1] ERROR com.daoki.basic.aop.GlobalExceptionHandling - 位置:getHotTopics -> 错误信息:查询失败：该Topic不存在
2022-03-09 14:58:52.923 [http-nio-8080-exec-2] ERROR com.daoki.basic.aop.GlobalExceptionHandling - 位置:getHotTopics -> 错误信息:查询失败：该Topic不存在
2022-03-09 15:13:35.352 [http-nio-8080-exec-3] ERROR com.daoki.basic.aop.GlobalExceptionHandling - 错误信息:Request method 'GET' not supported
2022-03-09 15:13:37.205 [http-nio-8080-exec-4] ERROR com.daoki.basic.aop.GlobalExceptionHandling - 错误信息:Request method 'GET' not supported
2022-03-09 15:15:23.720 [http-nio-8080-exec-3] ERROR com.daoki.basic.aop.GlobalExceptionHandling - 错误信息:Request method 'GET' not supported
2022-03-09 15:21:42.433 [http-nio-8080-exec-10] ERROR com.daoki.basic.aop.GlobalExceptionHandling - 位置:updateTopic -> 错误信息:更新失败
2022-03-09 15:25:19.662 [http-nio-8080-exec-4] ERROR com.daoki.basic.aop.GlobalExceptionHandling - 位置:getTopic -> 错误信息:查询失败：该Topic不存在
2022-03-09 15:27:16.960 [http-nio-8080-exec-2] ERROR com.daoki.basic.aop.GlobalExceptionHandling - 位置:deleteTopic -> 错误信息:删除失败：该Topic不存在
2022-03-09 17:05:48.311 [http-nio-8080-exec-2] ERROR com.daoki.basic.aop.GlobalExceptionHandling - 位置:getTopic -> 错误信息:查询失败：该Topic不存在
2022-03-09 17:05:50.041 [http-nio-8080-exec-3] ERROR com.daoki.basic.aop.GlobalExceptionHandling - 位置:getTopic -> 错误信息:查询失败：该Topic不存在
